
> mesadinha@1.0.0 api:dev
> tsx watch --tsconfig tsconfig.backend.json src/server.ts

[SWAGGER] Ready
[DATABASE] Connecting...
🌱 Seeders rodados com sucesso!
[DATABASE] Connected.
Api rodando na porta 3001
19:52:41 [tsx] change in ./src\infra\database\typeorm\mesadinha\migrations\1760000000000-CreateFamilyStructure.ts Restarting...
c[SWAGGER] Ready
[DATABASE] Connecting...
🌱 Seeders rodados com sucesso!
[DATABASE] Connected.
Api rodando na porta 3001
20:14:57 [tsx] change in ./src\domain\user\use-cases\register.ts Restarting...
c[SWAGGER] Ready
[DATABASE] Connecting...
🌱 Seeders rodados com sucesso!
[DATABASE] Connected.
Api rodando na porta 3001
20:15:03 [tsx] change in ./src\infra\web\routes\schemas\authentication\register-child.schema.ts Restarting...
c[SWAGGER] Ready
[DATABASE] Connecting...
🌱 Seeders rodados com sucesso!
[DATABASE] Connected.
Api rodando na porta 3001
20:16:05 [tsx] change in ./src\infra\web\middlewares\check-authentication.ts Restarting...
c[SWAGGER] Ready
[DATABASE] Connecting...
🌱 Seeders rodados com sucesso!
[DATABASE] Connected.
Api rodando na porta 3001
20:16:26 [tsx] change in ./src\domain\tarefa\use-cases\delete-tarefa.use-case.ts Rerunning...
c[SWAGGER] Ready
[DATABASE] Connecting...
🌱 Seeders rodados com sucesso!
[DATABASE] Connected.
Api rodando na porta 3001
